
> fz-jormungandv-ds@0.1.0 build-storybook
> storybook build --output-dir C:\Users\ADMINI~1.QOO\AppData\Local\Temp\chromatic--8412-5PwS6aru317p

storybook v8.2.5

info => Cleaning outputDir: ..\..\..\..\Users\ADMINI~1.QOO\AppData\Local\Temp\chromatic--8412-5PwS6aru317p
info => Loading presets
info => Building manager..
info => Manager built (394 ms)
info => Building preview..
WARN No story files found for the specified pattern: src\**\*.mdx
info => Loading Webpack configuration from `node_modules\react-scripts`
info => Removing existing JavaScript and TypeScript rules.
info => Modifying Create React App rules.
info Addon-docs: using MDX3
info => Using default Webpack5 setup
info => Copying static files: public at ..\..\..\..\Users\ADMINI~1.QOO\AppData\Local\Temp\chromatic--8412-5PwS6aru317p
info Using tsconfig paths for react-docgen
WARN Module Warning (from ./node_modules/sass-loader/dist/cjs.js):
WARN Deprecation Warning on line 37, column 4 of file:///C:/laragon/www/React/fz-jormungandv-ds/node_modules/bootstrap/scss/_type.scss:37:4:
WARN Sass's behavior for declarations that appear after nested
WARN rules will be changing to match the behavior specified by CSS in an upcoming
WARN version. To keep the existing behavior, move the declaration above the nested
WARN rule. To opt into the new behavior, wrap the declaration in `& {}`.
WARN 
WARN More info: https://sass-lang.com/d/mixed-decls
WARN 
WARN 37 |     font-family: $display-font-family;
WARN 
WARN 
WARN node_modules\bootstrap\scss\_type.scss 38:5      @import
WARN node_modules\bootstrap\scss\bootstrap.scss 17:9  @import
WARN src\styles\index.scss 1:9                        root stylesheet
WARN 
WARN Module Warning (from ./node_modules/sass-loader/dist/cjs.js):
WARN Deprecation Warning on line 38, column 4 of file:///C:/laragon/www/React/fz-jormungandv-ds/node_modules/bootstrap/scss/_type.scss:38:4:
WARN Sass's behavior for declarations that appear after nested
WARN rules will be changing to match the behavior specified by CSS in an upcoming
WARN version. To keep the existing behavior, move the declaration above the nested
WARN rule. To opt into the new behavior, wrap the declaration in `& {}`.
WARN 
WARN More info: https://sass-lang.com/d/mixed-decls
WARN 
WARN 38 |     font-style: $display-font-style;
WARN 
WARN 
WARN node_modules\bootstrap\scss\_type.scss 39:5      @import
WARN node_modules\bootstrap\scss\bootstrap.scss 17:9  @import
WARN src\styles\index.scss 1:9                        root stylesheet
WARN 
WARN Module Warning (from ./node_modules/sass-loader/dist/cjs.js):
WARN Deprecation Warning on line 39, column 4 of file:///C:/laragon/www/React/fz-jormungandv-ds/node_modules/bootstrap/scss/_type.scss:39:4:
WARN Sass's behavior for declarations that appear after nested
WARN rules will be changing to match the behavior specified by CSS in an upcoming
WARN version. To keep the existing behavior, move the declaration above the nested
WARN rule. To opt into the new behavior, wrap the declaration in `& {}`.
WARN 
WARN More info: https://sass-lang.com/d/mixed-decls
WARN 
WARN 39 |     font-weight: $display-font-weight;
WARN 
WARN 
WARN node_modules\bootstrap\scss\_type.scss 40:5      @import
WARN node_modules\bootstrap\scss\bootstrap.scss 17:9  @import
WARN src\styles\index.scss 1:9                        root stylesheet
WARN 
WARN Module Warning (from ./node_modules/sass-loader/dist/cjs.js):
WARN Deprecation Warning on line 502, column 2 of file:///C:/laragon/www/React/fz-jormungandv-ds/node_modules/bootstrap/scss/_reboot.scss:502:2:
WARN Sass's behavior for declarations that appear after nested
WARN rules will be changing to match the behavior specified by CSS in an upcoming
WARN version. To keep the existing behavior, move the declaration above the nested
WARN rule. To opt into the new behavior, wrap the declaration in `& {}`.
WARN 
WARN More info: https://sass-lang.com/d/mixed-decls
WARN 
WARN 502 |   font-weight: $legend-font-weight;
WARN 
WARN 
WARN node_modules\bootstrap\scss\_reboot.scss 503:3   @import
WARN node_modules\bootstrap\scss\bootstrap.scss 16:9  @import
WARN src\styles\index.scss 1:9                        root stylesheet
WARN 
WARN Module Warning (from ./node_modules/sass-loader/dist/cjs.js):
WARN Deprecation Warning on line 503, column 2 of file:///C:/laragon/www/React/fz-jormungandv-ds/node_modules/bootstrap/scss/_reboot.scss:503:2:
WARN Sass's behavior for declarations that appear after nested
WARN rules will be changing to match the behavior specified by CSS in an upcoming
WARN version. To keep the existing behavior, move the declaration above the nested
WARN rule. To opt into the new behavior, wrap the declaration in `& {}`.
WARN 
WARN More info: https://sass-lang.com/d/mixed-decls
WARN 
WARN 503 |   line-height: inherit;
WARN 
WARN 
WARN node_modules\bootstrap\scss\_reboot.scss 504:3   @import
WARN node_modules\bootstrap\scss\bootstrap.scss 16:9  @import
WARN src\styles\index.scss 1:9                        root stylesheet
WARN 
WARN Module Warning (from ./node_modules/sass-loader/dist/cjs.js):
WARN 22 repetitive deprecation warnings omitted.
WARN asset size limit: The following asset(s) exceed the recommended size limit (244 KiB).
WARN This can impact web performance.
WARN Assets: 
WARN   main.48c89548.iframe.bundle.js (853 KiB)
WARN   352.05fe5712.iframe.bundle.js (1010 KiB)
WARN   966.13ea14da.iframe.bundle.js (820 KiB)
WARN entrypoint size limit: The following entrypoint(s) combined asset size exceeds the recommended limit (244 KiB). This can impact web performance.
WARN Entrypoints:
WARN   main (1.64 MiB)
WARN       runtime~main.89336074.iframe.bundle.js
WARN       966.13ea14da.iframe.bundle.js
WARN       main.48c89548.iframe.bundle.js
WARN 
info => Preview built (37 s)
info => Output directory: C:\Users\ADMINI~1.QOO\AppData\Local\Temp\chromatic--8412-5PwS6aru317p
